<?xml version="1.0" encoding="UTF-8"?>
<!-- Generated by org.testng.reporters.JUnitXMLReporter -->
<testsuite hostname="ShruthiP-MSD" ignored="0" name="LoginTest" tests="1" failures="1" timestamp="12 Jul 2020 07:25:51 GMT" time="10.202" errors="0">
  <testcase name="LoginAsBankManager" time="10.182" classname="com.citiustech.testcases.LoginTest">
    <failure type="java.lang.AssertionError" message="Login not successfull expected [true] but found [false]">
      <![CDATA[java.lang.AssertionError: Login not successfull expected [true] but found [false]
at com.citiustech.testcases.LoginTest.LoginAsBankManager(LoginTest.java:17)
... Removed 28 stack frames]]>
    </failure>
  </testcase> <!-- LoginAsBankManager -->
</testsuite> <!-- LoginTest -->
